<?xml version="1.0" encoding="UTF-8"?>
<!-- Generated by org.testng.reporters.JUnitXMLReporter -->
<testsuite ignored="0" hostname="DESKTOP-N54R2FB" failures="0" tests="3" name="LogintestAgain" time="0.014" errors="0" timestamp="2025-10-14T13:14:25 IST">
  <testcase classname="TestNG.Playwright_creatingTestsuite" name="Login" time="0.003"/>
  <testcase classname="TestNG.Playwright_creatingTestsuite" name="Logout" time="0.001"/>
  <testcase classname="TestNG.Playwright_creatingTestsuite" name="setupField" time="0.003"/>
</testsuite> <!-- LogintestAgain -->
