<?xml version="1.0" encoding="UTF-8"?>
<!-- Generated by org.testng.reporters.JUnitXMLReporter -->
<testsuite ignored="2" hostname="DESKTOP-N54R2FB" failures="0" tests="2" name="LoginTests" time="0.061" errors="0" timestamp="2025-10-14T15:03:27 IST">
  <testcase classname="TestNG.Playwright_testsGroups" name="CloseBrowser" time="0.009"/>
  <testcase classname="TestNG.Playwright_testsGroups" name="setupField" time="0.001"/>
  <testcase classname="TestNG.Playwright_testsGroups" name="Login" time="0.0">
    <ignored/>
  </testcase> <!-- Login -->
  <testcase classname="TestNG.Playwright_testsGroups" name="lauchBrowser" time="0.0">
    <ignored/>
  </testcase> <!-- lauchBrowser -->
</testsuite> <!-- LoginTests -->
