<?xml version="1.0" encoding="UTF-8"?>
<!-- Generated by org.testng.reporters.JUnitXMLReporter -->
<testsuite ignored="0" hostname="DESKTOP-N54R2FB" failures="0" tests="3" name="Default test" time="0.046" errors="0" timestamp="2025-10-16T23:13:28 IST">
  <testcase classname="TestNG.Playwright_creatingTestsuite" name="Login" time="0.006"/>
  <testcase classname="TestNG.Playwright_creatingTestsuite" name="Logout" time="0.002"/>
  <testcase classname="TestNG.Playwright_creatingTestsuite" name="setupField" time="0.001"/>
</testsuite> <!-- Default test -->
