<?xml version="1.0" encoding="UTF-8"?>
<testng-results ignored="0" total="3" passed="3" failed="0" skipped="0">
  <reporter-output>
  </reporter-output>
  <suite started-at="2025-10-16T23:13:28 IST" name="Default suite" finished-at="2025-10-16T23:13:28 IST" duration-ms="46">
    <groups>
    </groups>
    <test started-at="2025-10-16T23:13:28 IST" name="Default test" finished-at="2025-10-16T23:13:28 IST" duration-ms="46">
      <class name="TestNG.Playwright_creatingTestsuite">
        <test-method is-config="true" signature="setup()[pri:0, instance:TestNG.Playwright_creatingTestsuite@16eb3ea3]" started-at="2025-10-16T23:13:28 IST" name="setup" finished-at="2025-10-16T23:13:28 IST" duration-ms="11" status="PASS">
          <reporter-output>
          </reporter-output>
        </test-method> <!-- setup -->
        <test-method signature="Login()[pri:0, instance:TestNG.Playwright_creatingTestsuite@16eb3ea3]" started-at="2025-10-16T23:13:28 IST" name="Login" finished-at="2025-10-16T23:13:28 IST" duration-ms="6" status="PASS">
          <reporter-output>
          </reporter-output>
        </test-method> <!-- Login -->
        <test-method signature="Logout()[pri:0, instance:TestNG.Playwright_creatingTestsuite@16eb3ea3]" started-at="2025-10-16T23:13:28 IST" name="Logout" finished-at="2025-10-16T23:13:28 IST" duration-ms="2" status="PASS">
          <reporter-output>
          </reporter-output>
        </test-method> <!-- Logout -->
        <test-method signature="setupField()[pri:0, instance:TestNG.Playwright_creatingTestsuite@16eb3ea3]" started-at="2025-10-16T23:13:28 IST" name="setupField" finished-at="2025-10-16T23:13:28 IST" duration-ms="1" status="PASS">
          <reporter-output>
          </reporter-output>
        </test-method> <!-- setupField -->
        <test-method is-config="true" signature="tearDown()[pri:0, instance:TestNG.Playwright_creatingTestsuite@16eb3ea3]" started-at="2025-10-16T23:13:29 IST" name="tearDown" finished-at="2025-10-16T23:13:29 IST" duration-ms="0" status="PASS">
          <reporter-output>
          </reporter-output>
        </test-method> <!-- tearDown -->
      </class> <!-- TestNG.Playwright_creatingTestsuite -->
    </test> <!-- Default test -->
  </suite> <!-- Default suite -->
</testng-results>
